\BOOKMARK [1][-]{section.1}{\376\377\134\017\176\304\127\372\170\100\117\341\140\157}{}% 1
\BOOKMARK [1][-]{section.2}{\376\377\200\314\146\157\116\313\176\315}{}% 2
\BOOKMARK [2][-]{subsection.2.1}{\376\377\203\157\162\151\206\132\142\337\173\133\220\011\200\314\146\157}{section.2}% 3
\BOOKMARK [2][-]{subsection.2.2}{\376\377\122\006\133\120\126\376\210\150\171\072}{section.2}% 4
\BOOKMARK [2][-]{subsection.2.3}{\376\377\131\015\163\260\116\373\122\241\220\011\142\351}{section.2}% 5
\BOOKMARK [1][-]{section.3}{\376\377\225\356\230\230\133\232\116\111}{}% 6
\BOOKMARK [2][-]{subsection.3.1}{\376\377\126\376\176\247\116\214\122\006\174\173\137\142\137\017\123\026}{section.3}% 7
\BOOKMARK [2][-]{subsection.3.2}{\376\377\152\041\127\213\217\223\121\372\116\016\213\255\176\303\166\356\150\007}{section.3}% 8
\BOOKMARK [2][-]{subsection.3.3}{\376\377\213\304\116\367\143\007\150\007}{section.3}% 9
\BOOKMARK [1][-]{section.4}{\376\377\170\024\172\166\163\260\162\266}{}% 10
\BOOKMARK [2][-]{subsection.4.1}{\376\377\117\040\176\337\122\006\133\120\210\150\171\072\116\016\127\372\121\306\145\160\143\156\226\306}{section.4}% 11
\BOOKMARK [2][-]{subsection.4.2}{\376\377\126\376\171\136\176\317\177\121\176\334\145\271\154\325}{section.4}% 12
\BOOKMARK [2][-]{subsection.4.3}{\376\377\136\163\123\360\123\026\131\015\163\260\227\000\154\102}{section.4}% 13
\BOOKMARK [2][-]{subsection.4.4}{\376\377\000M\000i\000n\000d\000S\000p\000o\000r\000e\000\040\131\015\163\260\141\017\116\111}{section.4}% 14
\BOOKMARK [1][-]{section.5}{\376\377\213\272\145\207\145\271\154\325}{}% 15
\BOOKMARK [2][-]{subsection.5.1}{\376\377\000T\000o\000r\000c\000h\000D\000r\000u\000g\000\040\136\163\123\360\147\266\147\204}{section.5}% 16
\BOOKMARK [2][-]{subsection.5.2}{\376\377\122\006\133\120\140\047\215\050\230\204\155\113\155\101\172\013}{section.5}% 17
\BOOKMARK [2][-]{subsection.5.3}{\376\377\126\376\210\150\171\072\116\016\162\171\137\201}{section.5}% 18
\BOOKMARK [2][-]{subsection.5.4}{\376\377\000G\000I\000N\000\040\152\041\127\213}{section.5}% 19
\BOOKMARK [2][-]{subsection.5.5}{\376\377\000G\000A\000T\000\040\152\041\127\213}{section.5}% 20
\BOOKMARK [1][-]{section.6}{\376\377\131\015\163\260\133\236\163\260}{}% 21
\BOOKMARK [2][-]{subsection.6.1}{\376\377\116\343\170\001\176\323\147\204}{section.6}% 22
\BOOKMARK [2][-]{subsection.6.2}{\376\377\133\236\232\214\123\117\213\256\133\371\237\120}{section.6}% 23
\BOOKMARK [2][-]{subsection.6.3}{\376\377\121\163\225\056\133\236\163\260\162\107\153\265}{section.6}% 24
\BOOKMARK [2][-]{subsection.6.4}{\376\377\213\255\176\303\116\016\213\304\117\060\137\252\163\257}{section.6}% 25
\BOOKMARK [2][-]{subsection.6.5}{\376\377\230\171\166\356\173\241\164\006}{section.6}% 26
\BOOKMARK [1][-]{section.7}{\376\377\133\236\232\214\213\276\177\156}{}% 27
\BOOKMARK [2][-]{subsection.7.1}{\376\377\145\160\143\156\226\306\116\016\230\204\155\113\116\373\122\241}{section.7}% 28
\BOOKMARK [2][-]{subsection.7.2}{\376\377\162\171\137\201\147\204\220\040\116\016\152\041\127\213\221\115\177\156}{section.7}% 29
\BOOKMARK [2][-]{subsection.7.3}{\376\377\213\255\176\303\123\117\213\256\116\016\176\323\147\234\213\260\137\125}{section.7}% 30
\BOOKMARK [2][-]{subsection.7.4}{\376\377\217\320\210\114\124\175\116\344}{section.7}% 31
\BOOKMARK [1][-]{section.8}{\376\377\131\015\163\260\176\323\147\234}{}% 32
\BOOKMARK [2][-]{subsection.8.1}{\376\377\000M\000i\000n\000d\000S\000p\000o\000r\000e\000\040\131\015\163\260\176\323\147\234}{section.8}% 33
\BOOKMARK [2][-]{subsection.8.2}{\376\377\000T\000o\000r\000c\000h\000D\000r\000u\000g\000\040\133\371\161\147\176\323\147\234}{section.8}% 34
\BOOKMARK [2][-]{subsection.8.3}{\376\377\215\350\150\106\147\266\135\356\137\002\116\016\123\357\211\306\123\026}{section.8}% 35
\BOOKMARK [1][-]{section.9}{\376\377\176\323\147\234\122\006\147\220}{}% 36
\BOOKMARK [2][-]{subsection.9.1}{\376\377\000B\000A\000C\000E\000\040\145\160\143\156\226\306\122\006\147\220}{section.9}% 37
\BOOKMARK [2][-]{subsection.9.2}{\376\377\000H\000I\000V\000\040\145\160\143\156\226\306\122\006\147\220}{section.9}% 38
\BOOKMARK [2][-]{subsection.9.3}{\376\377\000G\000I\000N\000\040\116\016\000\040\000G\000A\000T\000\040\133\371\153\324}{section.9}% 39
\BOOKMARK [2][-]{subsection.9.4}{\376\377\215\350\150\106\147\266\135\356\137\002\147\145\156\220}{section.9}% 40
\BOOKMARK [2][-]{subsection.9.5}{\376\377\133\236\232\214\121\105\122\006\140\047\213\250\213\272}{section.9}% 41
\BOOKMARK [2][-]{subsection.9.6}{\376\377\213\376\172\013\166\356\150\007\133\214\142\020\140\305\121\265}{section.9}% 42
\BOOKMARK [1][-]{section.10}{\376\377\134\100\226\120\140\047\116\016\145\071\217\333\145\271\124\021}{}% 43
\BOOKMARK [1][-]{section.11}{\376\377\176\323\213\272}{}% 44
